2024-08-30 16:46:13 [INFO] Question: cuenta la cantidad de registros
2024-08-30 16:46:13 [INFO] Question: cuenta la cantidad de registros
2024-08-30 16:46:13 [INFO] Running PandasAI with langchain_groq-chat LLM...
2024-08-30 16:46:13 [INFO] Running PandasAI with langchain_groq-chat LLM...
2024-08-30 16:46:13 [INFO] Prompt ID: 4a1027dc-bad9-4ee4-945e-af20d9ab9dc1
2024-08-30 16:46:13 [INFO] Prompt ID: 064a0677-9a6f-427b-b663-1d2203c471d3
2024-08-30 16:46:13 [INFO] Executing Pipeline: GenerateChatPipeline
2024-08-30 16:46:13 [INFO] Executing Pipeline: GenerateChatPipeline
2024-08-30 16:46:13 [INFO] Executing Step 0: ValidatePipelineInput
2024-08-30 16:46:13 [INFO] Executing Step 0: ValidatePipelineInput
2024-08-30 16:46:13 [INFO] Executing Step 1: CacheLookup
2024-08-30 16:46:13 [INFO] Executing Step 1: CacheLookup
2024-08-30 16:46:13 [INFO] Executing Step 2: PromptGeneration
2024-08-30 16:46:13 [INFO] Executing Step 2: PromptGeneration
2024-08-30 16:46:13 [INFO] Using prompt: <dataframe>
dfs[0]:2823x18
long,lat,id,nombre,categoria,cocina,ambientacion,telefono,mail,horario,calle_nombre,calle_altura,calle_cruce,direccion_completa,barrio,comuna,codigo_postal,codigo_postal_argentino
"-58,3940292","-34,60390931",1200,BEREBER,RESTAURANTE,,,4953 3007,v5xwba75z5@outlook.com,,Salotti,1601,"JUSTO, JUAN B","MITRE, BARTOLOME 790",Colegiales,Comuna 4,,C1028AAP
"-58,50398651","-34,60111172",2359,LA FAROLA DE STA FE,DELIVERY & TAKE AWAY,JUDIA,MARINA,4800 1112,20inem@outlook.com,lunes a vien de 7 a 21,ESMERALDA,1877,JONTE,,Barracas,Comuna 5,1122.0,C1009ABW
"-58,48503338","-34,60823882",21,PIOCERY,,PIZZERIA,CHINA,,de8v1z6@gmail.com,lunes a viernes de 12 a 00 - sábado de 20 a 3,MORON,850,,ORTEGA Y GASSET 1777,Parque Chacabuco,Comuna 11,1098.0,
</dataframe>




Update this initial code:
```python
# TODO: import the required dependencies
import pandas as pd

# Write code here

# Declare result var: 
type (possible values "string", "number", "dataframe", "plot"). Examples: { "type": "string", "value": f"The highest salary is {highest_salary}." } or { "type": "number", "value": 125 } or { "type": "dataframe", "value": pd.DataFrame({...}) } or { "type": "plot", "value": "temp_chart.png" }

```



### QUERY
 cuenta la cantidad de registros

Variable `dfs: list[pd.DataFrame]` is already declared.

At the end, declare "result" variable as a dictionary of type and value.

If you are asked to plot a chart, use "matplotlib" for charts, save as png.


Generate python code and return full updated code:
2024-08-30 16:46:13 [INFO] Using prompt: <dataframe>
dfs[0]:2823x18
long,lat,id,nombre,categoria,cocina,ambientacion,telefono,mail,horario,calle_nombre,calle_altura,calle_cruce,direccion_completa,barrio,comuna,codigo_postal,codigo_postal_argentino
"-58,37830939","-34,6061474",2015,2080 EXPRESS,,,,4394 1256,birktzxt0_3@yahoo.com,lunes a domingo de 7 a 00.30,Otamendi,4661,JONTE,GAONA AV. 3200,Liniers,Comuna 14,1221.0,
"-58,38611059","-34,59065495",905,CENTURY FOOD,CONFITERIA,ARABE,FOLKLORICO,,gsda_jei@outlook.com,,Bauness,1952,"JUSTO, JUAN B",,Parque Chacabuco,Comuna 7,,C1086AAU
"-58,47106927","-34,61941552",471,NINA CAFE,RESTAURANTE,MARROQUI,EIGHTIES,4307 0896,njx1qgfng8h@aol.com,lunes a viernes de 11.30 a 16 y de 19.30 a 2,GONCALVES DIAS,1693,,11 DE SEPTIEMBRE DE 1888 3900,Monserrat,Comuna 5,1102.0,C1426CQU
</dataframe>




Update this initial code:
```python
# TODO: import the required dependencies
import pandas as pd

# Write code here

# Declare result var: 
type (possible values "string", "number", "dataframe", "plot"). Examples: { "type": "string", "value": f"The highest salary is {highest_salary}." } or { "type": "number", "value": 125 } or { "type": "dataframe", "value": pd.DataFrame({...}) } or { "type": "plot", "value": "temp_chart.png" }

```



### QUERY
 cuenta la cantidad de registros

Variable `dfs: list[pd.DataFrame]` is already declared.

At the end, declare "result" variable as a dictionary of type and value.

If you are asked to plot a chart, use "matplotlib" for charts, save as png.


Generate python code and return full updated code:
2024-08-30 16:46:13 [INFO] Executing Step 3: CodeGenerator
2024-08-30 16:46:13 [INFO] Executing Step 3: CodeGenerator
2024-08-30 16:46:14 [INFO] HTTP Request: POST https://api.groq.com/openai/v1/chat/completions "HTTP/1.1 200 OK"
2024-08-30 16:46:14 [INFO] Prompt used:
            
<dataframe>
dfs[0]:2823x18
long,lat,id,nombre,categoria,cocina,ambientacion,telefono,mail,horario,calle_nombre,calle_altura,calle_cruce,direccion_completa,barrio,comuna,codigo_postal,codigo_postal_argentino
"-58,3940292","-34,60390931",1200,BEREBER,RESTAURANTE,,,4953 3007,v5xwba75z5@outlook.com,,Salotti,1601,"JUSTO, JUAN B","MITRE, BARTOLOME 790",Colegiales,Comuna 4,,C1028AAP
"-58,50398651","-34,60111172",2359,LA FAROLA DE STA FE,DELIVERY & TAKE AWAY,JUDIA,MARINA,4800 1112,20inem@outlook.com,lunes a vien de 7 a 21,ESMERALDA,1877,JONTE,,Barracas,Comuna 5,1122.0,C1009ABW
"-58,48503338","-34,60823882",21,PIOCERY,,PIZZERIA,CHINA,,de8v1z6@gmail.com,lunes a viernes de 12 a 00 - sábado de 20 a 3,MORON,850,,ORTEGA Y GASSET 1777,Parque Chacabuco,Comuna 11,1098.0,
</dataframe>




Update this initial code:
```python
# TODO: import the required dependencies
import pandas as pd

# Write code here

# Declare result var: 
type (possible values "string", "number", "dataframe", "plot"). Examples: { "type": "string", "value": f"The highest salary is {highest_salary}." } or { "type": "number", "value": 125 } or { "type": "dataframe", "value": pd.DataFrame({...}) } or { "type": "plot", "value": "temp_chart.png" }

```



### QUERY
 cuenta la cantidad de registros

Variable `dfs: list[pd.DataFrame]` is already declared.

At the end, declare "result" variable as a dictionary of type and value.

If you are asked to plot a chart, use "matplotlib" for charts, save as png.


Generate python code and return full updated code:
            
2024-08-30 16:46:14 [INFO] Code generated:
            ```
            # TODO: import the required dependencies
import pandas as pd

# Write code here

# Declare result var: 
result = {"type": "number", "value": len(dfs[0])}
            ```
            
2024-08-30 16:46:14 [INFO] Executing Step 4: CachePopulation
2024-08-30 16:46:14 [INFO] HTTP Request: POST https://api.groq.com/openai/v1/chat/completions "HTTP/1.1 200 OK"
2024-08-30 16:46:14 [INFO] Prompt used:
            
<dataframe>
dfs[0]:2823x18
long,lat,id,nombre,categoria,cocina,ambientacion,telefono,mail,horario,calle_nombre,calle_altura,calle_cruce,direccion_completa,barrio,comuna,codigo_postal,codigo_postal_argentino
"-58,37830939","-34,6061474",2015,2080 EXPRESS,,,,4394 1256,birktzxt0_3@yahoo.com,lunes a domingo de 7 a 00.30,Otamendi,4661,JONTE,GAONA AV. 3200,Liniers,Comuna 14,1221.0,
"-58,38611059","-34,59065495",905,CENTURY FOOD,CONFITERIA,ARABE,FOLKLORICO,,gsda_jei@outlook.com,,Bauness,1952,"JUSTO, JUAN B",,Parque Chacabuco,Comuna 7,,C1086AAU
"-58,47106927","-34,61941552",471,NINA CAFE,RESTAURANTE,MARROQUI,EIGHTIES,4307 0896,njx1qgfng8h@aol.com,lunes a viernes de 11.30 a 16 y de 19.30 a 2,GONCALVES DIAS,1693,,11 DE SEPTIEMBRE DE 1888 3900,Monserrat,Comuna 5,1102.0,C1426CQU
</dataframe>




Update this initial code:
```python
# TODO: import the required dependencies
import pandas as pd

# Write code here

# Declare result var: 
type (possible values "string", "number", "dataframe", "plot"). Examples: { "type": "string", "value": f"The highest salary is {highest_salary}." } or { "type": "number", "value": 125 } or { "type": "dataframe", "value": pd.DataFrame({...}) } or { "type": "plot", "value": "temp_chart.png" }

```



### QUERY
 cuenta la cantidad de registros

Variable `dfs: list[pd.DataFrame]` is already declared.

At the end, declare "result" variable as a dictionary of type and value.

If you are asked to plot a chart, use "matplotlib" for charts, save as png.


Generate python code and return full updated code:
            
2024-08-30 16:46:14 [INFO] Code generated:
            ```
            # TODO: import the required dependencies
import pandas as pd

# Write code here

# Declare result var: 
result = { "type": "number", "value": len(dfs[0]) }
            ```
            
2024-08-30 16:46:14 [INFO] Executing Step 4: CachePopulation
2024-08-30 16:46:14 [INFO] Executing Step 5: CodeCleaning
2024-08-30 16:46:14 [INFO] 
Code running:
```
result = {'type': 'number', 'value': len(dfs[0])}
        ```
2024-08-30 16:46:14 [INFO] Executing Step 6: CodeExecution
2024-08-30 16:46:14 [INFO] Executing Step 7: ResultValidation
2024-08-30 16:46:14 [INFO] Answer: {'type': 'number', 'value': 2823}
2024-08-30 16:46:14 [INFO] Executing Step 8: ResultParsing
2024-08-30 16:46:14 [INFO] Executing Step 5: CodeCleaning
2024-08-30 16:46:14 [INFO] 
Code running:
```
result = {'type': 'number', 'value': len(dfs[0])}
        ```
2024-08-30 16:46:14 [INFO] Executing Step 6: CodeExecution
2024-08-30 16:46:14 [INFO] Executing Step 7: ResultValidation
2024-08-30 16:46:14 [INFO] Answer: {'type': 'number', 'value': 2823}
2024-08-30 16:46:14 [INFO] Executing Step 8: ResultParsing
2024-08-30 16:46:23 [ERROR] Exception in callback _HandlerDelegate.execute.<locals>.<lambda>(<Task cancell...\web.py:1746>>) at E:\desarrollo\GitHub\DemoIA-1\lib\site-packages\tornado\web.py:2438
handle: <Handle _HandlerDelegate.execute.<locals>.<lambda>(<Task cancell...\web.py:1746>>) at E:\desarrollo\GitHub\DemoIA-1\lib\site-packages\tornado\web.py:2438>
Traceback (most recent call last):
  File "E:\desarrollo\GitHub\DemoIA-1\lib\site-packages\tornado\web.py", line 1746, in _execute
    async def _execute(
asyncio.exceptions.CancelledError

During handling of the above exception, another exception occurred:

Traceback (most recent call last):
  File "E:\Users\Gustavo\AppData\Local\Programs\Python\Python39\lib\asyncio\events.py", line 80, in _run
    self._context.run(self._callback, *self._args)
  File "E:\desarrollo\GitHub\DemoIA-1\lib\site-packages\tornado\web.py", line 2438, in <lambda>
    fut.add_done_callback(lambda f: f.result())
asyncio.exceptions.CancelledError
2024-08-30 17:19:32 [INFO] Question: cuenta la cantidad de registros
2024-08-30 17:19:39 [INFO] Running PandasAI with langchain_groq-chat LLM...
2024-08-30 17:19:39 [INFO] Prompt ID: dc1d5ccf-3d50-4b46-8311-c1960a66f9e9
2024-08-30 17:19:39 [INFO] Executing Pipeline: GenerateChatPipeline
2024-08-30 17:19:40 [INFO] Executing Step 0: ValidatePipelineInput
2024-08-30 17:19:40 [INFO] Executing Step 1: CacheLookup
2024-08-30 17:19:47 [INFO] Executing Step 2: PromptGeneration
2024-08-30 17:19:48 [INFO] Using prompt: dfs[0]:
  name: null
  description: null
  type: pd.DataFrame
  rows: 2823
  columns: 18
  schema:
    fields:
    - name: long
      type: object
      samples:
      - -58,39824721
      - -58,39455485
      - -58,39866446
    - name: lat
      type: object
      samples:
      - -34,67297518
      - -34,61313853
      - -34,57349379
    - name: id
      type: int64
      samples:
      - 1769
      - 1508
      - 1561
    - name: nombre
      type: object
      samples:
      - ASTOR PIAZZOLA
      - MAIZALES
      - A TEMPO
    - name: categoria
      type: object
      samples:
      - .nan
      - SANDWICHERIA
      - RESTAURANTE
    - name: cocina
      type: object
      samples:
      - .nan
      - INTERNACIONAL
      - JAPONESA
    - name: ambientacion
      type: object
      samples:
      - ROMANTICO
      - .nan
      - "ESPA\xD1OL"
    - name: telefono
      type: object
      samples:
      - 4682 6005
      - .nan
      - 4671 5237
    - name: mail
      type: object
      samples:
      - .nan
      - cafedelasluces@yahoo.com
      - www.enpicada.com
    - name: horario
      type: object
      samples:
      - .nan
      - lunes a domingo de 10 a 22
      - lunes de 18 al cierre - martes a domingo de 12 al cierre
    - name: calle_nombre
      type: object
      samples:
      - LUZURIAGA
      - MANSO JUANA
      - URUGUAY
    - name: calle_altura
      type: int64
      samples:
      - 1014
      - 809
      - 503
    - name: calle_cruce
      type: object
      samples:
      - .nan
      - JONTE
      - posadas
    - name: direccion_completa
      type: object
      samples:
      - JUNIN 1770
      - BELGRANO AV. 901
      - .nan
    - name: barrio
      type: object
      samples:
      - Villa Crespo
      - Balvanera
      - Puerto Madero
    - name: comuna
      type: object
      samples:
      - Comuna 9
      - Comuna 1
      - Comuna 10
    - name: codigo_postal
      type: float64
      samples:
      - .nan
      - 1074.0
      - 1138.0
    - name: codigo_postal_argentino
      type: object
      samples:
      - C1419IBR
      - .nan
      - C1207ABE




Update this initial code:
```python
# TODO: import the required dependencies
import pandas as pd

# Write code here

# Declare result var: 
type (possible values "string", "number", "dataframe", "plot"). Examples: { "type": "string", "value": f"The highest salary is {highest_salary}." } or { "type": "number", "value": 125 } or { "type": "dataframe", "value": pd.DataFrame({...}) } or { "type": "plot", "value": "temp_chart.png" }

```



### QUERY
 cuenta la cantidad de registros

Variable `dfs: list[pd.DataFrame]` is already declared.

At the end, declare "result" variable as a dictionary of type and value.

If you are asked to plot a chart, use "matplotlib" for charts, save as png.


Generate python code and return full updated code:
2024-08-30 17:19:48 [INFO] Executing Step 3: CodeGenerator
2024-08-30 17:19:52 [INFO] HTTP Request: POST https://api.groq.com/openai/v1/chat/completions "HTTP/1.1 200 OK"
2024-08-30 17:19:53 [INFO] Prompt used:
            
dfs[0]:
  name: null
  description: null
  type: pd.DataFrame
  rows: 2823
  columns: 18
  schema:
    fields:
    - name: long
      type: object
      samples:
      - -58,39824721
      - -58,39455485
      - -58,39866446
    - name: lat
      type: object
      samples:
      - -34,67297518
      - -34,61313853
      - -34,57349379
    - name: id
      type: int64
      samples:
      - 1769
      - 1508
      - 1561
    - name: nombre
      type: object
      samples:
      - ASTOR PIAZZOLA
      - MAIZALES
      - A TEMPO
    - name: categoria
      type: object
      samples:
      - .nan
      - SANDWICHERIA
      - RESTAURANTE
    - name: cocina
      type: object
      samples:
      - .nan
      - INTERNACIONAL
      - JAPONESA
    - name: ambientacion
      type: object
      samples:
      - ROMANTICO
      - .nan
      - "ESPA\xD1OL"
    - name: telefono
      type: object
      samples:
      - 4682 6005
      - .nan
      - 4671 5237
    - name: mail
      type: object
      samples:
      - .nan
      - cafedelasluces@yahoo.com
      - www.enpicada.com
    - name: horario
      type: object
      samples:
      - .nan
      - lunes a domingo de 10 a 22
      - lunes de 18 al cierre - martes a domingo de 12 al cierre
    - name: calle_nombre
      type: object
      samples:
      - LUZURIAGA
      - MANSO JUANA
      - URUGUAY
    - name: calle_altura
      type: int64
      samples:
      - 1014
      - 809
      - 503
    - name: calle_cruce
      type: object
      samples:
      - .nan
      - JONTE
      - posadas
    - name: direccion_completa
      type: object
      samples:
      - JUNIN 1770
      - BELGRANO AV. 901
      - .nan
    - name: barrio
      type: object
      samples:
      - Villa Crespo
      - Balvanera
      - Puerto Madero
    - name: comuna
      type: object
      samples:
      - Comuna 9
      - Comuna 1
      - Comuna 10
    - name: codigo_postal
      type: float64
      samples:
      - .nan
      - 1074.0
      - 1138.0
    - name: codigo_postal_argentino
      type: object
      samples:
      - C1419IBR
      - .nan
      - C1207ABE




Update this initial code:
```python
# TODO: import the required dependencies
import pandas as pd

# Write code here

# Declare result var: 
type (possible values "string", "number", "dataframe", "plot"). Examples: { "type": "string", "value": f"The highest salary is {highest_salary}." } or { "type": "number", "value": 125 } or { "type": "dataframe", "value": pd.DataFrame({...}) } or { "type": "plot", "value": "temp_chart.png" }

```



### QUERY
 cuenta la cantidad de registros

Variable `dfs: list[pd.DataFrame]` is already declared.

At the end, declare "result" variable as a dictionary of type and value.

If you are asked to plot a chart, use "matplotlib" for charts, save as png.


Generate python code and return full updated code:
            
2024-08-30 17:19:53 [INFO] Code generated:
            ```
            # TODO: import the required dependencies
import pandas as pd

# Write code here

# Declare result var: 
result = { "type": "number", "value": len(dfs[0]) }
            ```
            
2024-08-30 17:19:53 [INFO] Executing Step 4: CachePopulation
2024-08-30 17:19:56 [INFO] Executing Step 5: CodeCleaning
2024-08-30 17:19:56 [INFO] 
Code running:
```
result = {'type': 'number', 'value': len(dfs[0])}
        ```
2024-08-30 17:19:57 [INFO] Executing Step 6: CodeExecution
2024-08-30 17:19:57 [INFO] Executing Step 7: ResultValidation
2024-08-30 17:19:57 [INFO] Answer: {'type': 'number', 'value': 2823}
2024-08-30 17:19:57 [INFO] Executing Step 8: ResultParsing
2024-08-30 17:19:57 [INFO] Question: lista la tabla ordenada alfabeticamente por nombre
2024-08-30 17:19:57 [INFO] Running PandasAI with langchain_groq-chat LLM...
2024-08-30 17:19:57 [INFO] Prompt ID: ff61ce3a-0a49-4664-8c75-265c61e767c8
2024-08-30 17:19:57 [INFO] Executing Pipeline: GenerateChatPipeline
2024-08-30 17:19:57 [INFO] Executing Step 0: ValidatePipelineInput
2024-08-30 17:19:57 [INFO] Executing Step 1: CacheLookup
2024-08-30 17:19:57 [INFO] Executing Step 2: PromptGeneration
2024-08-30 17:19:57 [INFO] Using prompt: dfs[0]:
  name: null
  description: null
  type: pd.DataFrame
  rows: 2823
  columns: 18
  schema:
    fields:
    - name: long
      type: object
      samples:
      - -58,39824721
      - -58,39455485
      - -58,39866446
    - name: lat
      type: object
      samples:
      - -34,67297518
      - -34,61313853
      - -34,57349379
    - name: id
      type: int64
      samples:
      - 1769
      - 1508
      - 1561
    - name: nombre
      type: object
      samples:
      - ASTOR PIAZZOLA
      - MAIZALES
      - A TEMPO
    - name: categoria
      type: object
      samples:
      - .nan
      - SANDWICHERIA
      - RESTAURANTE
    - name: cocina
      type: object
      samples:
      - .nan
      - INTERNACIONAL
      - JAPONESA
    - name: ambientacion
      type: object
      samples:
      - ROMANTICO
      - .nan
      - "ESPA\xD1OL"
    - name: telefono
      type: object
      samples:
      - 4682 6005
      - .nan
      - 4671 5237
    - name: mail
      type: object
      samples:
      - .nan
      - cafedelasluces@yahoo.com
      - www.enpicada.com
    - name: horario
      type: object
      samples:
      - .nan
      - lunes a domingo de 10 a 22
      - lunes de 18 al cierre - martes a domingo de 12 al cierre
    - name: calle_nombre
      type: object
      samples:
      - LUZURIAGA
      - MANSO JUANA
      - URUGUAY
    - name: calle_altura
      type: int64
      samples:
      - 1014
      - 809
      - 503
    - name: calle_cruce
      type: object
      samples:
      - .nan
      - JONTE
      - posadas
    - name: direccion_completa
      type: object
      samples:
      - JUNIN 1770
      - BELGRANO AV. 901
      - .nan
    - name: barrio
      type: object
      samples:
      - Villa Crespo
      - Balvanera
      - Puerto Madero
    - name: comuna
      type: object
      samples:
      - Comuna 9
      - Comuna 1
      - Comuna 10
    - name: codigo_postal
      type: float64
      samples:
      - .nan
      - 1074.0
      - 1138.0
    - name: codigo_postal_argentino
      type: object
      samples:
      - C1419IBR
      - .nan
      - C1207ABE




Update this initial code:
```python
# TODO: import the required dependencies
import pandas as pd

# Write code here

# Declare result var: 
type (possible values "string", "number", "dataframe", "plot"). Examples: { "type": "string", "value": f"The highest salary is {highest_salary}." } or { "type": "number", "value": 125 } or { "type": "dataframe", "value": pd.DataFrame({...}) } or { "type": "plot", "value": "temp_chart.png" }

```



### QUERY
 lista la tabla ordenada alfabeticamente por nombre

Variable `dfs: list[pd.DataFrame]` is already declared.

At the end, declare "result" variable as a dictionary of type and value.

If you are asked to plot a chart, use "matplotlib" for charts, save as png.


Generate python code and return full updated code:
2024-08-30 17:19:57 [INFO] Executing Step 3: CodeGenerator
2024-08-30 17:19:58 [INFO] HTTP Request: POST https://api.groq.com/openai/v1/chat/completions "HTTP/1.1 200 OK"
2024-08-30 17:19:58 [INFO] Prompt used:
            

### PREVIOUS CONVERSATION
### QUERY
 cuenta la cantidad de registros
### ANSWER
 2823
dfs[0]:
  name: null
  description: null
  type: pd.DataFrame
  rows: 2823
  columns: 18
  schema:
    fields:
    - name: long
      type: object
      samples:
      - -58,39824721
      - -58,39455485
      - -58,39866446
    - name: lat
      type: object
      samples:
      - -34,67297518
      - -34,61313853
      - -34,57349379
    - name: id
      type: int64
      samples:
      - 1769
      - 1508
      - 1561
    - name: nombre
      type: object
      samples:
      - ASTOR PIAZZOLA
      - MAIZALES
      - A TEMPO
    - name: categoria
      type: object
      samples:
      - .nan
      - SANDWICHERIA
      - RESTAURANTE
    - name: cocina
      type: object
      samples:
      - .nan
      - INTERNACIONAL
      - JAPONESA
    - name: ambientacion
      type: object
      samples:
      - ROMANTICO
      - .nan
      - "ESPA\xD1OL"
    - name: telefono
      type: object
      samples:
      - 4682 6005
      - .nan
      - 4671 5237
    - name: mail
      type: object
      samples:
      - .nan
      - cafedelasluces@yahoo.com
      - www.enpicada.com
    - name: horario
      type: object
      samples:
      - .nan
      - lunes a domingo de 10 a 22
      - lunes de 18 al cierre - martes a domingo de 12 al cierre
    - name: calle_nombre
      type: object
      samples:
      - LUZURIAGA
      - MANSO JUANA
      - URUGUAY
    - name: calle_altura
      type: int64
      samples:
      - 1014
      - 809
      - 503
    - name: calle_cruce
      type: object
      samples:
      - .nan
      - JONTE
      - posadas
    - name: direccion_completa
      type: object
      samples:
      - JUNIN 1770
      - BELGRANO AV. 901
      - .nan
    - name: barrio
      type: object
      samples:
      - Villa Crespo
      - Balvanera
      - Puerto Madero
    - name: comuna
      type: object
      samples:
      - Comuna 9
      - Comuna 1
      - Comuna 10
    - name: codigo_postal
      type: float64
      samples:
      - .nan
      - 1074.0
      - 1138.0
    - name: codigo_postal_argentino
      type: object
      samples:
      - C1419IBR
      - .nan
      - C1207ABE




Update this initial code:
```python
# TODO: import the required dependencies
import pandas as pd

# Write code here

# Declare result var: 
type (possible values "string", "number", "dataframe", "plot"). Examples: { "type": "string", "value": f"The highest salary is {highest_salary}." } or { "type": "number", "value": 125 } or { "type": "dataframe", "value": pd.DataFrame({...}) } or { "type": "plot", "value": "temp_chart.png" }

```



### QUERY
 lista la tabla ordenada alfabeticamente por nombre

Variable `dfs: list[pd.DataFrame]` is already declared.

At the end, declare "result" variable as a dictionary of type and value.

If you are asked to plot a chart, use "matplotlib" for charts, save as png.


Generate python code and return full updated code:
            
2024-08-30 17:19:58 [INFO] Code generated:
            ```
            # TODO: import the required dependencies
import pandas as pd

# Write code here

# Assign dfs to the first element in the list
df = dfs[0]

# Sort the DataFrame by the "nombre" column in alphabetical order
df_sorted = df.sort_values(by='nombre')

# Declare result var
result = {
    "type": "dataframe",
    "value": df_sorted
}
            ```
            
2024-08-30 17:19:58 [INFO] Executing Step 4: CachePopulation
2024-08-30 17:19:58 [INFO] Executing Step 5: CodeCleaning
2024-08-30 17:19:58 [INFO] 
Code running:
```
df = dfs[0]
df_sorted = df.sort_values(by='nombre')
result = {'type': 'dataframe', 'value': df_sorted}
        ```
2024-08-30 17:19:58 [INFO] Executing Step 6: CodeExecution
2024-08-30 17:19:59 [INFO] Executing Step 7: ResultValidation
2024-08-30 17:20:01 [INFO] Answer: {'type': 'dataframe', 'value':               long           lat    id            nombre  ...         barrio     comuna codigo_postal codigo_postal_argentino
1     -58,39232963  -34,62155353   676   1843 VINACOTECA  ...  San Cristobal   Comuna 3           NaN                     NaN
2     -58,45354227  -34,56031135   487      2080 EXPRESS  ...       Belgrano  Comuna 13        1428.0                C1428DNH
3     -58,47549105   -34,6770507  2737                22  ...   Villa Lugano   Comuna 8        1439.0                C1439FTB
4      -58,4254372  -34,58569501     2          4 EN 2 I  ...        Palermo  Comuna 14        1425.0                C1425FFA
5     -58,42226235   -34,5718432     3        4 X 4 CAFE  ...        Palermo  Comuna 14        1425.0                C1425ABY
...            ...           ...   ...               ...  ...            ...        ...           ...                     ...
2817  -58,37390199  -34,60168838  2545          ZEPELLIN  ...    San Nicolas   Comuna 1        1004.0                C1004AAK
2818  -58,40110747   -34,5996429   893  ZOE PIZZA & CAFE  ...      Balvanera   Comuna 3        1029.0                C1029AAP
2819  -58,38637192  -34,60717761  2546             ZOMBI  ...    San Nicolas   Comuna 1        1015.0                C1015ABD
2820  -58,46310827  -34,54336919  1521              ZONA  ...       NuÃƒÂ±ez  Comuna 13        1429.0                C1429BIV
2821  -58,39569675  -34,60221271   894           ZOO BAR  ...      Balvanera   Comuna 3        1050.0                C1050AAP

[2823 rows x 18 columns]}
2024-08-30 17:20:01 [INFO] Executing Step 8: ResultParsing
